<?xml version="1.0" encoding="UTF-8"?>
<testsuite name="censusanalyser.CensusAnalyserTest" tests="1" skipped="0" failures="0" errors="0" timestamp="2020-10-25T08:42:49" hostname="DESKTOP-25DPEJS" time="53.634">
  <properties/>
  <testcase name="givenIndiaAndUSCensusData_WhenSortedOnDensity_ShouldReturnSortedResult" classname="censusanalyser.CensusAnalyserTest" time="53.634"/>
  <system-out><![CDATA[]]></system-out>
  <system-err><![CDATA[]]></system-err>
</testsuite>
