<?xml version="1.0" encoding="UTF-8"?>
<testsuite name="censusanalyser.CensusAnalyserTest" tests="1" skipped="0" failures="0" errors="0" timestamp="2020-10-24T08:59:04" hostname="DESKTOP-25DPEJS" time="23.524">
  <properties/>
  <testcase name="givenIndianStateCodeCSVFile_ShouldReturnsExactCount" classname="censusanalyser.CensusAnalyserTest" time="23.524"/>
  <system-out><![CDATA[]]></system-out>
  <system-err><![CDATA[]]></system-err>
</testsuite>
