<?xml version="1.0" encoding="UTF-8"?>
<<<<<<< HEAD
<testsuite name="censusanalyser.CensusAnalyserTest" tests="1" skipped="0" failures="0" errors="0" timestamp="2020-10-25T08:42:49" hostname="DESKTOP-25DPEJS" time="53.634">
  <properties/>
  <testcase name="givenIndiaAndUSCensusData_WhenSortedOnDensity_ShouldReturnSortedResult" classname="censusanalyser.CensusAnalyserTest" time="53.634"/>
=======
<testsuite name="censusanalyser.CensusAnalyserTest" tests="1" skipped="0" failures="0" errors="0" timestamp="2020-10-25T09:04:06" hostname="DESKTOP-25DPEJS" time="45.371">
  <properties/>
  <testcase name="givenUSCensusData_WhenSortedOnTotalArea_ShouldReturnSortedResult" classname="censusanalyser.CensusAnalyserTest" time="45.371"/>
>>>>>>> e3135f3b6ba5dd18cba476aac22c79566661de85
  <system-out><![CDATA[]]></system-out>
  <system-err><![CDATA[]]></system-err>
</testsuite>
